TN:
SF:server.js
FN:50,(anonymous_0)
FN:59,(anonymous_1)
FN:65,(anonymous_2)
FNF:3
FNH:0
FNDA:0,(anonymous_0)
FNDA:0,(anonymous_1)
FNDA:0,(anonymous_2)
DA:1,4
DA:2,4
DA:3,4
DA:4,4
DA:6,4
DA:7,4
DA:8,4
DA:9,4
DA:10,4
DA:11,4
DA:14,4
DA:15,4
DA:18,4
DA:32,4
DA:33,4
DA:34,4
DA:37,4
DA:45,4
DA:46,4
DA:47,4
DA:50,4
DA:51,0
DA:55,4
DA:58,4
DA:59,0
DA:60,0
DA:61,0
DA:62,0
DA:63,0
DA:65,0
DA:66,0
DA:67,0
DA:70,0
DA:71,0
DA:75,0
LF:35
LH:23
BRDA:58,0,0,0
BRDA:58,0,1,4
BRF:2
BRH:1
end_of_record
TN:
SF:config/dbconfig.js
FNF:0
FNH:0
DA:1,7
DA:3,7
DA:13,7
LF:3
LH:3
BRF:0
BRH:0
end_of_record
TN:
SF:controllers/article.js
FN:6,(anonymous_0)
FN:36,(anonymous_1)
FN:66,(anonymous_2)
FN:111,(anonymous_3)
FN:128,(anonymous_4)
FN:171,(anonymous_5)
FN:193,(anonymous_6)
FN:203,(anonymous_7)
FN:227,(anonymous_8)
FN:244,(anonymous_9)
FNF:10
FNH:8
FNDA:3,(anonymous_0)
FNDA:0,(anonymous_1)
FNDA:1,(anonymous_2)
FNDA:98,(anonymous_3)
FNDA:3,(anonymous_4)
FNDA:3,(anonymous_5)
FNDA:0,(anonymous_6)
FNDA:2,(anonymous_7)
FNDA:3,(anonymous_8)
FNDA:2,(anonymous_9)
DA:1,4
DA:2,4
DA:3,4
DA:7,3
DA:8,3
DA:9,3
DA:11,3
DA:12,3
DA:14,3
DA:16,3
DA:17,3
DA:19,3
DA:21,3
DA:22,1
DA:25,2
DA:31,0
DA:32,0
DA:37,0
DA:38,0
DA:39,0
DA:41,0
DA:42,0
DA:44,0
DA:46,0
DA:47,0
DA:49,0
DA:51,0
DA:52,0
DA:55,0
DA:61,0
DA:62,0
DA:67,1
DA:68,1
DA:69,1
DA:73,1
DA:76,1
DA:77,0
DA:78,0
DA:80,0
DA:82,1
DA:83,1
DA:85,1
DA:86,1
DA:87,1
DA:88,1
DA:91,0
DA:92,0
DA:95,1
DA:96,0
DA:97,1
DA:98,1
DA:101,1
DA:102,1
DA:104,1
DA:106,1
DA:107,0
DA:111,98
DA:117,1
DA:123,0
DA:124,0
DA:129,3
DA:131,3
DA:132,3
DA:134,3
DA:135,0
DA:139,3
DA:140,3
DA:141,1
DA:145,2
DA:146,2
DA:148,2
DA:158,2
DA:166,0
DA:167,0
DA:172,3
DA:174,3
DA:176,3
DA:178,3
DA:179,1
DA:182,2
DA:188,0
DA:189,0
DA:194,0
DA:195,0
DA:196,0
DA:197,0
DA:199,0
DA:204,2
DA:205,2
DA:208,2
DA:210,2
DA:211,0
DA:214,2
DA:216,2
DA:217,1
DA:220,1
DA:222,0
DA:223,0
DA:228,3
DA:229,3
DA:232,3
DA:234,2
DA:235,1
DA:241,1
DA:242,1
DA:244,1
DA:245,2
DA:246,2
DA:249,1
DA:251,1
DA:252,1
DA:253,0
DA:255,1
DA:266,1
DA:267,1
DA:272,4
LF:116
LH:77
BRDA:14,0,0,3
BRDA:14,0,1,0
BRDA:21,1,0,1
BRDA:21,1,1,2
BRDA:21,2,0,3
BRDA:21,2,1,3
BRDA:44,3,0,0
BRDA:44,3,1,0
BRDA:51,4,0,0
BRDA:51,4,1,0
BRDA:51,5,0,0
BRDA:51,5,1,0
BRDA:76,6,0,0
BRDA:76,6,1,1
BRDA:76,7,0,1
BRDA:76,7,1,0
BRDA:76,7,2,0
BRDA:76,7,3,0
BRDA:80,8,0,0
BRDA:80,8,1,0
BRDA:82,9,0,1
BRDA:82,9,1,0
BRDA:82,10,0,1
BRDA:82,10,1,0
BRDA:82,10,2,0
BRDA:85,11,0,1
BRDA:85,11,1,0
BRDA:86,12,0,1
BRDA:86,12,1,0
BRDA:87,13,0,0
BRDA:87,13,1,1
BRDA:88,14,0,0
BRDA:88,14,1,1
BRDA:95,15,0,0
BRDA:95,15,1,1
BRDA:97,16,0,1
BRDA:97,16,1,0
BRDA:106,17,0,0
BRDA:106,17,1,1
BRDA:106,18,0,1
BRDA:106,18,1,1
BRDA:113,19,0,98
BRDA:113,19,1,0
BRDA:113,20,0,98
BRDA:113,20,1,90
BRDA:134,21,0,0
BRDA:134,21,1,3
BRDA:140,22,0,1
BRDA:140,22,1,2
BRDA:145,23,0,2
BRDA:145,23,1,0
BRDA:178,24,0,1
BRDA:178,24,1,2
BRDA:210,25,0,0
BRDA:210,25,1,2
BRDA:216,26,0,1
BRDA:216,26,1,1
BRDA:234,27,0,1
BRDA:234,27,1,1
BRDA:234,28,0,2
BRDA:234,28,1,2
BRDA:249,29,0,1
BRDA:249,29,1,0
BRDA:252,30,0,1
BRDA:252,30,1,0
BRDA:253,31,0,0
BRDA:253,31,1,0
BRF:67
BRH:36
end_of_record
TN:
SF:controllers/authcontroller.js
FN:6,(anonymous_0)
FN:50,(anonymous_1)
FN:88,(anonymous_2)
FN:116,(anonymous_3)
FNF:4
FNH:4
FNDA:9,(anonymous_0)
FNDA:19,(anonymous_1)
FNDA:5,(anonymous_2)
FNDA:1,(anonymous_3)
DA:1,4
DA:2,4
DA:3,4
DA:7,9
DA:8,9
DA:9,9
DA:10,2
DA:12,7
DA:14,2
DA:16,5
DA:17,5
DA:18,2
DA:21,3
DA:22,3
DA:24,3
DA:30,3
DA:37,3
DA:45,0
DA:46,0
DA:51,19
DA:52,19
DA:53,19
DA:54,1
DA:57,18
DA:58,18
DA:59,14
DA:62,4
DA:68,4
DA:75,4
DA:83,0
DA:84,0
DA:89,5
DA:90,5
DA:91,5
DA:92,1
DA:95,4
DA:96,3
DA:98,3
DA:99,1
DA:102,2
DA:111,1
DA:112,1
DA:117,1
DA:122,1
DA:126,4
LF:45
LH:41
BRDA:9,0,0,2
BRDA:9,0,1,7
BRDA:9,1,0,9
BRDA:9,1,1,9
BRDA:9,1,2,8
BRDA:9,1,3,7
BRDA:12,2,0,2
BRDA:12,2,1,5
BRDA:17,3,0,2
BRDA:17,3,1,3
BRDA:26,4,0,3
BRDA:26,4,1,3
BRDA:53,5,0,1
BRDA:53,5,1,18
BRDA:53,6,0,19
BRDA:53,6,1,19
BRDA:58,7,0,14
BRDA:58,7,1,4
BRDA:58,8,0,18
BRDA:58,8,1,6
BRDA:64,9,0,4
BRDA:64,9,1,4
BRDA:79,10,0,4
BRDA:79,10,1,3
BRDA:91,11,0,1
BRDA:91,11,1,4
BRDA:95,12,0,4
BRDA:95,12,1,4
BRDA:98,13,0,1
BRDA:98,13,1,2
BRDA:106,14,0,2
BRDA:106,14,1,1
BRF:32
BRH:32
end_of_record
TN:
SF:controllers/history.js
FN:3,(anonymous_0)
FN:16,name
FN:27,(anonymous_2)
FN:37,(anonymous_3)
FN:67,(anonymous_4)
FN:95,(anonymous_5)
FNF:6
FNH:6
FNDA:3,(anonymous_0)
FNDA:3,name
FNDA:3,(anonymous_2)
FNDA:3,(anonymous_3)
FNDA:1,(anonymous_4)
FNDA:1,(anonymous_5)
DA:1,4
DA:2,4
DA:3,4
DA:4,3
DA:5,3
DA:6,3
DA:7,2
DA:11,1
DA:16,4
DA:17,3
DA:18,3
DA:19,3
DA:20,2
DA:22,1
DA:27,4
DA:28,3
DA:29,3
DA:30,3
DA:31,2
DA:33,1
DA:37,4
DA:38,3
DA:39,3
DA:41,3
DA:43,2
DA:44,1
DA:51,1
DA:53,1
DA:59,1
DA:60,1
DA:67,4
DA:68,1
DA:69,1
DA:70,1
DA:71,0
DA:72,0
DA:75,1
DA:78,1
DA:80,1
DA:81,1
DA:82,1
DA:88,1
DA:89,1
DA:91,1
DA:93,1
DA:95,1
DA:102,1
DA:106,1
DA:109,0
DA:110,0
DA:114,4
LF:51
LH:47
BRDA:43,0,0,1
BRDA:43,0,1,1
BRDA:43,1,0,2
BRDA:43,1,1,2
BRDA:70,2,0,0
BRDA:70,2,1,1
BRDA:93,3,0,1
BRDA:93,3,1,0
BRDA:93,4,0,1
BRDA:93,4,1,1
BRDA:97,5,0,1
BRDA:97,5,1,0
BRF:12
BRH:9
end_of_record
TN:
SF:middleware/authMiddleware.js
FN:3,(anonymous_0)
FNF:1
FNH:1
FNDA:9,(anonymous_0)
DA:1,4
DA:3,4
DA:5,9
DA:8,9
DA:9,9
DA:11,9
DA:12,7
DA:15,9
DA:16,0
DA:19,9
DA:20,9
DA:22,9
DA:26,9
DA:28,0
DA:32,4
LF:15
LH:13
BRDA:11,0,0,7
BRDA:11,0,1,2
BRDA:11,1,0,9
BRDA:11,1,1,7
BRDA:11,1,2,7
BRDA:15,2,0,0
BRDA:15,2,1,9
BRDA:20,3,0,9
BRDA:20,3,1,9
BRF:9
BRH:8
end_of_record
TN:
SF:models/bookmark.js
FN:4,(anonymous_0)
FN:29,(anonymous_1)
FN:37,(anonymous_2)
FN:45,(anonymous_3)
FN:53,(anonymous_4)
FN:61,(anonymous_5)
FN:77,(anonymous_6)
FNF:7
FNH:3
FNDA:0,(anonymous_0)
FNDA:1,(anonymous_1)
FNDA:0,(anonymous_2)
FNDA:0,(anonymous_3)
FNDA:1,(anonymous_4)
FNDA:0,(anonymous_5)
FNDA:1,(anonymous_6)
DA:1,4
DA:5,0
DA:20,0
DA:21,0
DA:22,0
DA:24,0
DA:25,0
DA:30,1
DA:34,1
DA:38,0
DA:42,0
DA:46,0
DA:50,0
DA:54,1
DA:58,1
DA:62,0
DA:74,0
DA:78,1
DA:86,1
DA:90,4
LF:20
LH:8
BRDA:29,0,0,0
BRDA:29,1,0,0
BRDA:29,2,0,0
BRDA:29,3,0,0
BRF:4
BRH:0
end_of_record
TN:
SF:models/history.js
FN:4,(anonymous_0)
FN:26,(anonymous_1)
FN:42,(anonymous_2)
FN:48,(anonymous_3)
FN:55,(anonymous_4)
FN:64,(anonymous_5)
FNF:6
FNH:4
FNDA:0,(anonymous_0)
FNDA:1,(anonymous_1)
FNDA:1,(anonymous_2)
FNDA:2,(anonymous_3)
FNDA:1,(anonymous_4)
FNDA:0,(anonymous_5)
DA:1,4
DA:5,0
DA:17,0
DA:18,0
DA:19,0
DA:21,0
DA:22,0
DA:27,1
DA:33,1
DA:34,1
DA:35,1
DA:37,0
DA:38,0
DA:43,1
DA:44,1
DA:48,2
DA:50,0
DA:51,0
DA:56,1
DA:61,1
DA:65,0
DA:69,0
DA:73,4
LF:23
LH:11
BRF:0
BRH:0
end_of_record
TN:
SF:models/userModel.js
FN:4,(anonymous_0)
FN:30,(anonymous_1)
FN:39,(anonymous_2)
FN:47,(anonymous_3)
FNF:4
FNH:2
FNDA:0,(anonymous_0)
FNDA:2,(anonymous_1)
FNDA:19,(anonymous_2)
FNDA:0,(anonymous_3)
DA:1,4
DA:5,0
DA:19,0
DA:20,0
DA:22,0
DA:24,0
DA:25,0
DA:31,2
DA:35,2
DA:40,19
DA:43,19
DA:48,0
DA:52,0
DA:59,4
LF:14
LH:6
BRF:0
BRH:0
end_of_record
TN:
SF:routes/authRoute.js
FNF:0
FNH:0
DA:1,4
DA:2,4
DA:3,4
DA:5,4
DA:6,4
DA:7,4
DA:8,4
DA:10,4
LF:8
LH:8
BRF:0
BRH:0
end_of_record
TN:
SF:routes/bookMark.js
FNF:0
FNH:0
DA:1,4
DA:2,4
DA:3,4
DA:4,4
DA:6,4
DA:9,4
DA:10,4
DA:13,4
DA:14,4
DA:15,4
DA:16,4
DA:19,4
DA:21,4
LF:13
LH:13
BRF:0
BRH:0
end_of_record
TN:
SF:routes/newsRoute.js
FNF:0
FNH:0
DA:1,4
DA:2,4
DA:3,4
DA:4,4
DA:7,4
DA:8,4
DA:9,4
DA:12,4
DA:13,4
DA:14,4
DA:16,4
LF:11
LH:11
BRF:0
BRH:0
end_of_record
TN:
SF:services/sentimentService.js
FN:40,(anonymous_0)
FN:144,(anonymous_1)
FNF:2
FNH:2
FNDA:1,(anonymous_0)
FNDA:1,(anonymous_1)
DA:3,4
DA:15,4
DA:29,4
DA:41,1
DA:42,0
DA:51,1
DA:52,1
DA:53,1
DA:54,1
DA:55,1
DA:58,1
DA:60,1
DA:61,4
DA:64,4
DA:65,0
DA:66,0
DA:70,4
DA:71,0
DA:72,0
DA:73,0
DA:75,0
DA:76,0
DA:78,0
DA:79,0
DA:83,4
DA:84,0
DA:85,0
DA:86,0
DA:88,0
DA:89,0
DA:91,0
DA:92,0
DA:96,4
DA:97,0
DA:102,1
DA:103,1
DA:105,1
DA:106,0
DA:111,1
DA:112,1
DA:113,1
DA:117,1
DA:118,0
DA:119,1
DA:120,0
DA:122,1
DA:126,1
DA:127,0
DA:130,1
DA:146,1
DA:151,1
DA:155,4
LF:52
LH:30
BRDA:41,0,0,0
BRDA:41,0,1,1
BRDA:51,1,0,1
BRDA:51,1,1,0
BRDA:64,2,0,0
BRDA:64,2,1,4
BRDA:70,3,0,0
BRDA:70,3,1,4
BRDA:71,4,0,0
BRDA:71,4,1,0
BRDA:83,5,0,0
BRDA:83,5,1,4
BRDA:84,6,0,0
BRDA:84,6,1,0
BRDA:96,7,0,0
BRDA:96,7,1,4
BRDA:105,8,0,0
BRDA:105,8,1,1
BRDA:111,9,0,0
BRDA:111,9,1,1
BRDA:112,10,0,0
BRDA:112,10,1,1
BRDA:117,11,0,0
BRDA:117,11,1,1
BRDA:119,12,0,0
BRDA:119,12,1,1
BRDA:126,13,0,0
BRDA:126,13,1,1
BRDA:126,14,0,1
BRDA:126,14,1,1
BRDA:147,15,0,1
BRDA:147,15,1,0
BRDA:148,16,0,1
BRDA:148,16,1,0
BRF:34
BRH:16
end_of_record
