TN:
SF:server.js
FN:50,(anonymous_0)
FN:59,(anonymous_1)
FN:65,(anonymous_2)
FNF:3
FNH:0
FNDA:0,(anonymous_0)
FNDA:0,(anonymous_1)
FNDA:0,(anonymous_2)
DA:1,4
DA:2,4
DA:3,4
DA:4,4
DA:6,4
DA:7,4
DA:8,4
DA:9,4
DA:10,4
DA:11,4
DA:14,4
DA:15,4
DA:18,4
DA:32,4
DA:33,4
DA:34,4
DA:37,4
DA:45,4
DA:46,4
DA:47,4
DA:50,4
DA:51,0
DA:55,4
DA:58,4
DA:59,0
DA:60,0
DA:61,0
DA:62,0
DA:63,0
DA:65,0
DA:66,0
DA:67,0
DA:70,0
DA:71,0
DA:75,0
LF:35
LH:23
BRDA:58,0,0,0
BRDA:58,0,1,4
BRF:2
BRH:1
end_of_record
TN:
SF:config/dbconfig.js
FNF:0
FNH:0
DA:1,7
DA:3,7
DA:13,7
LF:3
LH:3
BRF:0
BRH:0
end_of_record
TN:
SF:controllers/article.js
FN:6,(anonymous_0)
FN:36,(anonymous_1)
FN:66,(anonymous_2)
FN:111,(anonymous_3)
FN:128,(anonymous_4)
FN:173,(anonymous_5)
FN:195,(anonymous_6)
FN:205,(anonymous_7)
FN:229,(anonymous_8)
FN:246,(anonymous_9)
FNF:10
FNH:8
FNDA:3,(anonymous_0)
FNDA:0,(anonymous_1)
FNDA:1,(anonymous_2)
FNDA:99,(anonymous_3)
FNDA:3,(anonymous_4)
FNDA:3,(anonymous_5)
FNDA:0,(anonymous_6)
FNDA:2,(anonymous_7)
FNDA:3,(anonymous_8)
FNDA:2,(anonymous_9)
DA:1,4
DA:2,4
DA:3,4
DA:7,3
DA:8,3
DA:9,3
DA:11,3
DA:12,3
DA:14,3
DA:16,3
DA:17,3
DA:19,3
DA:21,3
DA:22,1
DA:25,2
DA:31,0
DA:32,0
DA:37,0
DA:38,0
DA:39,0
DA:41,0
DA:42,0
DA:44,0
DA:46,0
DA:47,0
DA:49,0
DA:51,0
DA:52,0
DA:55,0
DA:61,0
DA:62,0
DA:67,1
DA:68,1
DA:69,1
DA:73,1
DA:76,1
DA:77,0
DA:78,0
DA:80,0
DA:82,1
DA:83,1
DA:85,1
DA:86,1
DA:87,1
DA:88,1
DA:91,0
DA:92,0
DA:95,1
DA:96,0
DA:97,1
DA:98,1
DA:101,1
DA:102,1
DA:104,1
DA:106,1
DA:107,0
DA:111,99
DA:117,1
DA:123,0
DA:124,0
DA:129,3
DA:131,3
DA:132,3
DA:134,3
DA:135,0
DA:139,3
DA:140,3
DA:141,1
DA:145,2
DA:146,2
DA:148,2
DA:158,2
DA:166,0
DA:167,0
DA:174,3
DA:176,3
DA:178,3
DA:180,3
DA:181,1
DA:184,2
DA:190,0
DA:191,0
DA:196,0
DA:197,0
DA:198,0
DA:199,0
DA:201,0
DA:206,2
DA:207,2
DA:210,2
DA:212,2
DA:213,0
DA:216,2
DA:218,2
DA:219,1
DA:222,1
DA:224,0
DA:225,0
DA:230,3
DA:231,3
DA:234,3
DA:236,2
DA:237,1
DA:243,1
DA:244,1
DA:246,1
DA:247,2
DA:248,2
DA:251,1
DA:253,1
DA:254,1
DA:255,0
DA:257,1
DA:268,1
DA:269,1
DA:274,4
LF:116
LH:77
BRDA:14,0,0,3
BRDA:14,0,1,0
BRDA:21,1,0,1
BRDA:21,1,1,2
BRDA:21,2,0,3
BRDA:21,2,1,3
BRDA:44,3,0,0
BRDA:44,3,1,0
BRDA:51,4,0,0
BRDA:51,4,1,0
BRDA:51,5,0,0
BRDA:51,5,1,0
BRDA:76,6,0,0
BRDA:76,6,1,1
BRDA:76,7,0,1
BRDA:76,7,1,0
BRDA:76,7,2,0
BRDA:76,7,3,0
BRDA:80,8,0,0
BRDA:80,8,1,0
BRDA:82,9,0,1
BRDA:82,9,1,0
BRDA:82,10,0,1
BRDA:82,10,1,0
BRDA:82,10,2,0
BRDA:85,11,0,1
BRDA:85,11,1,0
BRDA:86,12,0,1
BRDA:86,12,1,0
BRDA:87,13,0,0
BRDA:87,13,1,1
BRDA:88,14,0,0
BRDA:88,14,1,1
BRDA:95,15,0,0
BRDA:95,15,1,1
BRDA:97,16,0,1
BRDA:97,16,1,0
BRDA:106,17,0,0
BRDA:106,17,1,1
BRDA:106,18,0,1
BRDA:106,18,1,1
BRDA:113,19,0,99
BRDA:113,19,1,0
BRDA:113,20,0,99
BRDA:113,20,1,79
BRDA:134,21,0,0
BRDA:134,21,1,3
BRDA:140,22,0,1
BRDA:140,22,1,2
BRDA:145,23,0,2
BRDA:145,23,1,0
BRDA:180,24,0,1
BRDA:180,24,1,2
BRDA:212,25,0,0
BRDA:212,25,1,2
BRDA:218,26,0,1
BRDA:218,26,1,1
BRDA:236,27,0,1
BRDA:236,27,1,1
BRDA:236,28,0,2
BRDA:236,28,1,2
BRDA:251,29,0,1
BRDA:251,29,1,0
BRDA:254,30,0,1
BRDA:254,30,1,0
BRDA:255,31,0,0
BRDA:255,31,1,0
BRF:67
BRH:36
end_of_record
TN:
SF:controllers/authcontroller.js
FN:6,(anonymous_0)
FN:26,(anonymous_1)
FN:70,(anonymous_2)
FN:108,(anonymous_3)
FN:136,(anonymous_4)
FNF:5
FNH:4
FNDA:0,(anonymous_0)
FNDA:9,(anonymous_1)
FNDA:19,(anonymous_2)
FNDA:5,(anonymous_3)
FNDA:1,(anonymous_4)
DA:1,4
DA:2,4
DA:3,4
DA:7,0
DA:8,0
DA:14,0
DA:19,0
DA:20,0
DA:27,9
DA:28,9
DA:29,9
DA:30,2
DA:32,7
DA:34,2
DA:36,5
DA:37,5
DA:38,2
DA:41,3
DA:42,3
DA:44,3
DA:50,3
DA:57,3
DA:65,0
DA:66,0
DA:71,19
DA:72,19
DA:73,19
DA:74,1
DA:77,18
DA:78,18
DA:79,14
DA:82,4
DA:88,4
DA:95,4
DA:103,0
DA:104,0
DA:109,5
DA:110,5
DA:111,5
DA:112,1
DA:115,4
DA:116,3
DA:118,3
DA:119,1
DA:122,2
DA:131,1
DA:132,1
DA:137,1
DA:142,1
DA:146,4
LF:50
LH:41
BRDA:29,0,0,2
BRDA:29,0,1,7
BRDA:29,1,0,9
BRDA:29,1,1,9
BRDA:29,1,2,8
BRDA:29,1,3,7
BRDA:32,2,0,2
BRDA:32,2,1,5
BRDA:37,3,0,2
BRDA:37,3,1,3
BRDA:46,4,0,3
BRDA:46,4,1,3
BRDA:73,5,0,1
BRDA:73,5,1,18
BRDA:73,6,0,19
BRDA:73,6,1,19
BRDA:78,7,0,14
BRDA:78,7,1,4
BRDA:78,8,0,18
BRDA:78,8,1,6
BRDA:84,9,0,4
BRDA:84,9,1,4
BRDA:99,10,0,4
BRDA:99,10,1,3
BRDA:111,11,0,1
BRDA:111,11,1,4
BRDA:115,12,0,4
BRDA:115,12,1,4
BRDA:118,13,0,1
BRDA:118,13,1,2
BRDA:126,14,0,2
BRDA:126,14,1,1
BRF:32
BRH:32
end_of_record
TN:
SF:controllers/history.js
FN:3,(anonymous_0)
FN:16,name
FN:27,(anonymous_2)
FN:37,(anonymous_3)
FN:67,(anonymous_4)
FN:95,(anonymous_5)
FNF:6
FNH:6
FNDA:3,(anonymous_0)
FNDA:3,name
FNDA:3,(anonymous_2)
FNDA:3,(anonymous_3)
FNDA:1,(anonymous_4)
FNDA:1,(anonymous_5)
DA:1,4
DA:2,4
DA:3,4
DA:4,3
DA:5,3
DA:6,3
DA:7,2
DA:11,1
DA:16,4
DA:17,3
DA:18,3
DA:19,3
DA:20,2
DA:22,1
DA:27,4
DA:28,3
DA:29,3
DA:30,3
DA:31,2
DA:33,1
DA:37,4
DA:38,3
DA:39,3
DA:41,3
DA:43,2
DA:44,1
DA:51,1
DA:53,1
DA:59,1
DA:60,1
DA:67,4
DA:68,1
DA:69,1
DA:70,1
DA:71,0
DA:72,0
DA:75,1
DA:78,1
DA:80,1
DA:81,1
DA:82,1
DA:88,1
DA:89,1
DA:91,1
DA:93,1
DA:95,1
DA:102,1
DA:106,1
DA:109,0
DA:110,0
DA:114,4
LF:51
LH:47
BRDA:43,0,0,1
BRDA:43,0,1,1
BRDA:43,1,0,2
BRDA:43,1,1,2
BRDA:70,2,0,0
BRDA:70,2,1,1
BRDA:93,3,0,1
BRDA:93,3,1,0
BRDA:93,4,0,1
BRDA:93,4,1,1
BRDA:97,5,0,1
BRDA:97,5,1,0
BRF:12
BRH:9
end_of_record
TN:
SF:middleware/authMiddleware.js
FN:3,(anonymous_0)
FNF:1
FNH:1
FNDA:9,(anonymous_0)
DA:1,4
DA:3,4
DA:5,9
DA:8,9
DA:9,9
DA:11,9
DA:12,7
DA:15,9
DA:16,0
DA:19,9
DA:20,9
DA:22,9
DA:26,9
DA:28,0
DA:32,4
LF:15
LH:13
BRDA:11,0,0,7
BRDA:11,0,1,2
BRDA:11,1,0,9
BRDA:11,1,1,7
BRDA:11,1,2,7
BRDA:15,2,0,0
BRDA:15,2,1,9
BRDA:20,3,0,9
BRDA:20,3,1,9
BRF:9
BRH:8
end_of_record
TN:
SF:models/bookmark.js
FN:4,(anonymous_0)
FN:29,(anonymous_1)
FN:37,(anonymous_2)
FN:45,(anonymous_3)
FN:53,(anonymous_4)
FN:61,(anonymous_5)
FN:77,(anonymous_6)
FNF:7
FNH:3
FNDA:0,(anonymous_0)
FNDA:1,(anonymous_1)
FNDA:0,(anonymous_2)
FNDA:0,(anonymous_3)
FNDA:1,(anonymous_4)
FNDA:0,(anonymous_5)
FNDA:1,(anonymous_6)
DA:1,4
DA:5,0
DA:20,0
DA:21,0
DA:22,0
DA:24,0
DA:25,0
DA:30,1
DA:34,1
DA:38,0
DA:42,0
DA:46,0
DA:50,0
DA:54,1
DA:58,1
DA:62,0
DA:74,0
DA:78,1
DA:86,1
DA:90,4
LF:20
LH:8
BRDA:29,0,0,0
BRDA:29,1,0,0
BRDA:29,2,0,1
BRDA:29,3,0,1
BRF:4
BRH:2
end_of_record
TN:
SF:models/history.js
FN:4,(anonymous_0)
FN:26,(anonymous_1)
FN:42,(anonymous_2)
FN:48,(anonymous_3)
FN:55,(anonymous_4)
FN:64,(anonymous_5)
FNF:6
FNH:4
FNDA:0,(anonymous_0)
FNDA:1,(anonymous_1)
FNDA:1,(anonymous_2)
FNDA:2,(anonymous_3)
FNDA:1,(anonymous_4)
FNDA:0,(anonymous_5)
DA:1,4
DA:5,0
DA:17,0
DA:18,0
DA:19,0
DA:21,0
DA:22,0
DA:27,1
DA:33,1
DA:34,1
DA:35,1
DA:37,0
DA:38,0
DA:43,1
DA:44,1
DA:48,2
DA:50,0
DA:51,0
DA:56,1
DA:61,1
DA:65,0
DA:69,0
DA:73,4
LF:23
LH:11
BRF:0
BRH:0
end_of_record
TN:
SF:models/userModel.js
FN:4,(anonymous_0)
FN:30,(anonymous_1)
FN:39,(anonymous_2)
FN:47,(anonymous_3)
FNF:4
FNH:2
FNDA:0,(anonymous_0)
FNDA:2,(anonymous_1)
FNDA:19,(anonymous_2)
FNDA:0,(anonymous_3)
DA:1,4
DA:5,0
DA:19,0
DA:20,0
DA:22,0
DA:24,0
DA:25,0
DA:31,2
DA:35,2
DA:40,19
DA:43,19
DA:48,0
DA:52,0
DA:59,4
LF:14
LH:6
BRF:0
BRH:0
end_of_record
TN:
SF:routes/authRoute.js
FNF:0
FNH:0
DA:1,4
DA:2,4
DA:3,4
DA:5,4
DA:6,4
DA:7,4
DA:8,4
DA:10,4
LF:8
LH:8
BRF:0
BRH:0
end_of_record
TN:
SF:routes/bookMark.js
FNF:0
FNH:0
DA:1,4
DA:2,4
DA:3,4
DA:4,4
DA:6,4
DA:9,4
DA:10,4
DA:13,4
DA:14,4
DA:15,4
DA:16,4
DA:19,4
DA:21,4
LF:13
LH:13
BRF:0
BRH:0
end_of_record
TN:
SF:routes/newsRoute.js
FNF:0
FNH:0
DA:1,4
DA:2,4
DA:3,4
DA:4,4
DA:7,4
DA:8,4
DA:9,4
DA:12,4
DA:13,4
DA:14,4
DA:16,4
LF:11
LH:11
BRF:0
BRH:0
end_of_record
TN:
SF:services/sentimentService.js
FN:5,(anonymous_0)
FN:15,(anonymous_1)
FN:33,(anonymous_2)
FN:68,(anonymous_3)
FN:69,(anonymous_4)
FN:75,(anonymous_5)
FN:79,(anonymous_6)
FN:83,(anonymous_7)
FN:104,(anonymous_8)
FNF:9
FNH:5
FNDA:4,(anonymous_0)
FNDA:1,(anonymous_1)
FNDA:0,(anonymous_2)
FNDA:1,(anonymous_3)
FNDA:1,(anonymous_4)
FNDA:0,(anonymous_5)
FNDA:0,(anonymous_6)
FNDA:0,(anonymous_7)
FNDA:1,(anonymous_8)
DA:1,4
DA:2,4
DA:6,4
DA:7,4
DA:16,1
DA:17,0
DA:29,1
DA:30,1
DA:33,0
DA:34,0
DA:37,0
DA:49,0
DA:50,0
DA:69,1
DA:70,1
DA:72,1
DA:73,1
DA:75,1
DA:76,0
DA:79,1
DA:80,0
DA:83,1
DA:84,0
DA:85,0
DA:86,0
DA:89,0
DA:90,0
DA:91,0
DA:93,0
DA:105,1
DA:106,0
DA:109,1
DA:115,1
DA:119,4
LF:34
LH:18
BRDA:16,0,0,0
BRDA:16,0,1,1
BRDA:16,1,0,1
BRDA:16,1,1,1
BRDA:16,1,2,1
BRDA:84,2,0,0
BRDA:84,2,1,0
BRDA:105,3,0,0
BRDA:105,3,1,1
BRDA:105,4,0,1
BRDA:105,4,1,1
BRDA:110,5,0,1
BRDA:110,5,1,0
BRDA:111,6,0,1
BRDA:111,6,1,0
BRDA:112,7,0,1
BRDA:112,7,1,1
BRF:17
BRH:11
end_of_record
